<?xml version="1.0" encoding="utf-8"?><testsuites name="pytest tests"><testsuite name="pytest" errors="0" failures="0" skipped="0" tests="13" time="15.118" timestamp="2026-04-20T13:48:14.894742+00:00" hostname="agent-env-7b8fe64d-38d5-4a6e-a28b-b6d6845a8f49"><testcase classname="backend.tests.test_bucketing_e2e" name="test_auth_me_works_with_seeded_session" time="0.165" /><testcase classname="backend.tests.test_bucketing_e2e" name="test_weekly_analytics_three_buckets" time="0.110" /><testcase classname="backend.tests.test_bucketing_e2e" name="test_daily_analytics_three_buckets" time="0.114" /><testcase classname="backend.tests.test_bucketing_e2e" name="test_weekly_report_data_summary_three_keys" time="13.348" /><testcase classname="backend.tests.test_bucketing_e2e" name="test_entries_include_entry_type" time="0.131" /><testcase classname="backend.tests.test_bucketing_e2e" name="test_projects_crud" time="0.332" /><testcase classname="backend.tests.test_bucketing_e2e" name="test_schedules_crud" time="0.261" /><testcase classname="backend.tests.test_bucketing_e2e" name="test_timer_start_stop_flow" time="0.266" /><testcase classname="backend.tests.test_ai_bucketing" name="test_scheduled_entry_not_counted_as_task" time="0.000" /><testcase classname="backend.tests.test_ai_bucketing" name="test_break_entry_categorized" time="0.000" /><testcase classname="backend.tests.test_ai_bucketing" name="test_task_entry_categorized" time="0.000" /><testcase classname="backend.tests.test_ai_bucketing" name="test_legacy_entry_without_entry_type" time="0.000" /><testcase classname="backend.tests.test_ai_bucketing" name="test_weekly_summary_bucketing_math" time="0.000" /></testsuite></testsuites>